  InGame.cpp
  Main.cpp
  Player.cpp
  Score.cpp
  Ui.cpp
D:\ReversibleDash\Ui.cpp(84,11): warning C4244: '初期化中': 'float' から 'int' への変換です。データが失われる可能性があります。
D:\ReversibleDash\Ui.cpp(85,11): warning C4244: '初期化中': 'float' から 'int' への変換です。データが失われる可能性があります。
D:\ReversibleDash\Ui.cpp(87,17): warning C4244: '=': 'float' から 'int' への変換です。データが失われる可能性があります。
D:\ReversibleDash\Ui.cpp(94,158): warning C4244: '引数': 'int' から 'float' への変換です。データが失われる可能性があります。
D:\ReversibleDash\Ui.cpp(94,127): warning C4244: '引数': 'int' から 'float' への変換です。データが失われる可能性があります。
D:\ReversibleDash\Ui.cpp(94,106): warning C4244: '引数': 'int' から 'float' への変換です。データが失われる可能性があります。
D:\ReversibleDash\Ui.cpp(94,75): warning C4244: '引数': 'int' から 'float' への変換です。データが失われる可能性があります。
D:\ReversibleDash\Ui.cpp(94,54): warning C4244: '引数': 'int' から 'float' への変換です。データが失われる可能性があります。
D:\ReversibleDash\Ui.cpp(94,33): warning C4244: '引数': 'int' から 'float' への変換です。データが失われる可能性があります。
D:\ReversibleDash\Ui.cpp(147,85): warning C4244: '引数': 'double' から 'int' への変換です。データが失われる可能性があります。
D:\ReversibleDash\Ui.cpp(147,64): warning C4244: '引数': 'double' から 'int' への変換です。データが失われる可能性があります。
D:\ReversibleDash\Ui.cpp(147,44): warning C4244: '引数': 'double' から 'int' への変換です。データが失われる可能性があります。
D:\ReversibleDash\Ui.cpp(147,23): warning C4244: '引数': 'double' から 'int' への変換です。データが失われる可能性があります。
D:\ReversibleDash\Ui.cpp(398,45): warning C4244: '=': 'double' から 'int' への変換です。データが失われる可能性があります。
  コードを生成中...
  LINK : 前回のインクリメンタル リンクで D:\ReversibleDash\x64\Debug\ReversibleDash.exe が見つからなかったか、ビルドされませんでした。フル リンクを行います。
  ReversibleDash.vcxproj -> D:\ReversibleDash\x64\Debug\ReversibleDash.exe
